make --dry-run --always-make --keep-going --print-directory
make: Entering directory '/home/roku/Dokumente/Uni/OSE/OSE2022/lecture5/multitasking'
riscv64-unknown-elf-gcc -c -o user1.o user1.c -g -mcmodel=medany -mno-relax -I.
riscv64-unknown-elf-gcc -c -o user2.o user2.c -g -mcmodel=medany -mno-relax -I.
riscv64-unknown-elf-gcc -c -o userentry.o userentry.S -g -mcmodel=medany -mno-relax -I.
riscv64-unknown-elf-gcc -g -mcmodel=medany -mno-relax -I. -c user1.c
riscv64-unknown-elf-gcc -g -mcmodel=medany -mno-relax -I. -c userentry.S
riscv64-unknown-elf-gcc -g -ffreestanding -fno-common -nostdlib -mno-relax \
      -mcmodel=medany   -Wl,-T user1.ld userentry.o user1.o -o user1
riscv64-unknown-elf-objcopy -O binary user1 user1.bin
xxd -i user1.bin > userprogs1.h
riscv64-unknown-elf-gcc -g -mcmodel=medany -mno-relax -I. -c user2.c
riscv64-unknown-elf-gcc -g -mcmodel=medany -mno-relax -I. -c userentry.S
riscv64-unknown-elf-gcc -g -ffreestanding -fno-common -nostdlib -mno-relax \
      -mcmodel=medany   -Wl,-T user2.ld userentry.o user2.o -o user2
riscv64-unknown-elf-objcopy -O binary user2 user2.bin
xxd -i user2.bin > userprogs2.h
riscv64-unknown-elf-gcc -c -o boot.o boot.S -g -mcmodel=medany -mno-relax -I.
riscv64-unknown-elf-gcc -c -o kernel.o kernel.c -g -mcmodel=medany -mno-relax -I.
riscv64-unknown-elf-gcc -c -o ex.o ex.S -g -mcmodel=medany -mno-relax -I.
riscv64-unknown-elf-gcc -c -o setup.o setup.c -g -mcmodel=medany -mno-relax -I.
riscv64-unknown-elf-gcc -g -ffreestanding -fno-common -nostdlib -mno-relax \
      -mcmodel=medany -Wl,-T kernel.ld boot.o kernel.o ex.o setup.o -o kernel
riscv64-unknown-elf-objcopy -O binary kernel kernel.bin
make: Leaving directory '/home/roku/Dokumente/Uni/OSE/OSE2022/lecture5/multitasking'
 
