make all --print-data-base --no-builtin-variables --no-builtin-rules --question
# GNU Make 4.3
# Built for x86_64-pc-linux-gnu
# Copyright (C) 1988-2020 Free Software Foundation, Inc.
# License GPLv3+: GNU GPL version 3 or later <http://gnu.org/licenses/gpl.html>
# This is free software: you are free to change and redistribute it.
# There is NO WARRANTY, to the extent permitted by law.

# Make data base, printed on Wed Jul 27 17:11:21 2022

# Variables

# environment
GDK_BACKEND = x11
# environment
LC_ALL = C
# environment
NO_AT_BRIDGE = 1
# environment
VSCODE_CWD = /home/roku
# environment
LESS_TERMCAP_me = [0m
# environment
UBUNTU_MENUPROXY = 1
# environment
GDM_LANG = de_DE.utf8
# default
MAKE_COMMAND := make
# makefile (from 'Makefile', line 9)
USERDEPS = riscv.h types.h 
# environment
QT_ACCESSIBILITY = 1
# automatic
@D = $(patsubst %/,%,$(dir $@))
# environment
VSCODE_HANDLES_UNCAUGHT_ERRORS = true
# default
.VARIABLES := 
# environment
PWD = /home/roku/Dokumente/Uni/OSE/GIT/multitasking
# automatic
%D = $(patsubst %/,%,$(dir $%))
# environment
XDG_DATA_DIRS = /usr/share/xfce4:/usr/local/share/:/usr/share/:/usr/share:/var/lib/snapd/desktop
# environment
OLDPWD = /home/roku
# automatic
^D = $(patsubst %/,%,$(dir $^))
# automatic
%F = $(notdir $%)
# environment
VSCODE_CODE_CACHE_PATH = /home/roku/.config/Code/CachedData/3b889b090b5ad5793f524b5d1d39fda662b96a2a
# environment
XDG_SESSION_PATH = /org/freedesktop/DisplayManager/Session0
# environment
LANG = C
# environment
POWERSHELL_UPDATECHECK = Off
# environment
XAUTHORITY = /home/roku/.Xauthority
# default
.LOADED := 
# environment
LESS_TERMCAP_md = [1;36m
# default
.INCLUDE_DIRS = /usr/local/include /usr/include /usr/include
# makefile
MAKEFLAGS = pqrR
# environment
LESS_TERMCAP_so = [01;33m
# makefile
CURDIR := /home/roku/Dokumente/Uni/OSE/GIT/multitasking
# environment
APPLICATION_INSIGHTS_NO_DIAGNOSTIC_CHANNEL = true
# automatic
*D = $(patsubst %/,%,$(dir $*))
# environment
LESS_TERMCAP_ue = [0m
# environment
MFLAGS = -pqrR
# environment
SSH_AUTH_SOCK = /tmp/ssh-XXXXXXaY44N3/agent.1029
# default
.SHELLFLAGS := -c
# environment
XDG_CONFIG_DIRS = /etc/xdg
# automatic
+D = $(patsubst %/,%,$(dir $+))
# environment
XDG_SESSION_DESKTOP = lightdm-xsession
# makefile (from 'Makefile', line 1)
MAKEFILE_LIST := Makefile
# automatic
@F = $(notdir $@)
# environment
VSCODE_PID = 3135
# environment
XDG_SESSION_TYPE = x11
# automatic
?D = $(patsubst %/,%,$(dir $?))
# makefile (from 'Makefile', line 8)
KERNELOBJS = boot.o kernel.o ex.o setup.o ringbuffer.o uart.o uartlock.o
# environment
SESSION_MANAGER = local/kali-laptop:@/tmp/.ICE-unix/1029,unix/kali-laptop:/tmp/.ICE-unix/1029
# automatic
*F = $(notdir $*)
# environment
QT_QPA_PLATFORMTHEME = qt5ct
# environment
CHROME_DESKTOP = code-url-handler.desktop
# environment
DBUS_SESSION_BUS_ADDRESS = unix:path=/run/user/1000/bus
# automatic
<D = $(patsubst %/,%,$(dir $<))
# environment
VSCODE_NLS_CONFIG = {"locale":"de","availableLanguages":{"*":"de"},"_languagePackId":"ac49ed8871898f6ccc91afa1076d75a0.de","_translationsConfigFile":"/home/roku/.config/Code/clp/ac49ed8871898f6ccc91afa1076d75a0.de/tcf.json","_cacheRoot":"/home/roku/.config/Code/clp/ac49ed8871898f6ccc91afa1076d75a0.de","_resolvedLanguagePackCoreLocation":"/home/roku/.config/Code/clp/ac49ed8871898f6ccc91afa1076d75a0.de/3b889b090b5ad5793f524b5d1d39fda662b96a2a","_corruptedFile":"/home/roku/.config/Code/clp/ac49ed8871898f6ccc91afa1076d75a0.de/corrupted.info","_languagePackSupport":true}
# makefile (from 'Makefile', line 10)
USEROBJS = user1.o user2.o userentry.o
# default
MAKE_HOST := x86_64-pc-linux-gnu
# makefile
SHELL = /bin/sh
# environment
LESS_TERMCAP_us = [1;32m
# default
MAKECMDGOALS := all
# environment
SHLVL = 0
# environment
MAKELEVEL := 0
# default
MAKE = $(MAKE_COMMAND)
# environment
PATH = /usr/local/sbin:/usr/sbin:/sbin:/usr/local/bin:/usr/bin:/bin:/usr/local/games:/usr/games:/snap/bin:/home/roku/.dotnet/tools
# environment
LESS_TERMCAP_se = [0m
# default
MAKEFILES := 
# automatic
^F = $(notdir $^)
# environment
COMMAND_NOT_FOUND_INSTALL_PROMPT = 1
# environment
LESS_TERMCAP_mb = [1;31m
# makefile (from 'Makefile', line 7)
KERNELDEPS = hardware.h riscv.h types.h 
# automatic
?F = $(notdir $?)
# environment
XDG_SEAT = seat0
# environment
XDG_CURRENT_DESKTOP = XFCE
# environment
LS_COLORS = 
# automatic
+F = $(notdir $+)
# environment
XDG_SEAT_PATH = /org/freedesktop/DisplayManager/Seat0
# environment
DESKTOP_SESSION = lightdm-xsession
# environment
ORIGINAL_XDG_CURRENT_DESKTOP = XFCE
# 'override' directive
GNUMAKEFLAGS := 
# environment
LOGNAME = roku
# environment
XDG_VTNR = 7
# makefile
.DEFAULT_GOAL := all
# environment
DISPLAY = :0.0
# environment
USER = roku
# environment
GTK_MODULES = gail:atk-bridge:appmenu-gtk-module
# default
MAKE_VERSION := 4.3
# environment
SSH_AGENT_PID = 1081
# environment
_ = /usr/share/code/code
# environment
XDG_RUNTIME_DIR = /run/user/1000
# makefile (from 'Makefile', line 4)
CFLAGS = -g -mcmodel=medany -mno-relax -I.
# environment
POWERSHELL_TELEMETRY_OPTOUT = 1
# environment
XDG_SESSION_CLASS = user
# environment
VSCODE_AMD_ENTRYPOINT = vs/workbench/api/node/extensionHostProcess
# environment
HOME = /home/roku
# environment
_JAVA_OPTIONS = -Dawt.useSystemAAFontSettings=on -Dswing.aatext=true
# environment
ELECTRON_RUN_AS_NODE = 1
# environment
VSCODE_IPC_HOOK = /run/user/1000/vscode-75f2365c-1.69.2-main.sock
# environment
XDG_SESSION_ID = 2
# environment
PANEL_GDK_CORE_DEVICE_EVENTS = 0
# environment
DOTNET_CLI_TELEMETRY_OPTOUT = 1
# default
.RECIPEPREFIX := 
# automatic
<F = $(notdir $<)
# default
SUFFIXES := 
# environment
QT_AUTO_SCREEN_SCALE_FACTOR = 0
# environment
XDG_GREETER_DATA_DIR = /var/lib/lightdm/data/roku
# default
.FEATURES := target-specific order-only second-expansion else-if shortest-stem undefine oneshell nocomment grouped-target extra-prereqs archives jobserver output-sync check-symlink load
# makefile (from 'Makefile', line 3)
CC = riscv64-unknown-elf-gcc
# makefile (from 'Makefile', line 5)
OBJCOPY = riscv64-unknown-elf-objcopy
# environment
XDG_MENU_PREFIX = xfce-
# environment
GDMSESSION = lightdm-xsession
# variable set hash-table stats:
# Load=107/1024=10%, Rehash=0, Collisions=15/156=10%

# Pattern-specific Variable Values

# No pattern-specific variable values.

# Directories

# . (device 2050, inode 24117249): 43 files, no impossibilities.

# 43 files, no impossibilities in 1 directories.

# Implicit Rules

%.o: %.c hardware.h riscv.h types.h riscv.h types.h
#  recipe to execute (from 'Makefile', line 13):
	$(CC) -c -o $@ $< $(CFLAGS)

%.o: %.S hardware.h riscv.h types.h riscv.h types.h
#  recipe to execute (from 'Makefile', line 16):
	$(CC) -c -o $@ $< $(CFLAGS)

# 2 implicit rules, 0 (0.0%) terminal.
# Files

# Not a target:
user1:
#  Implicit rule search has not been done.
#  Modification time never checked.
#  File has not been updated.

userprogs1.h: user1.o user2.o userentry.o riscv.h types.h
#  Implicit rule search has not been done.
#  Implicit/static pattern stem: ''
#  Last modified 2022-07-27 17:08:10.655244289
#  File has been updated.
#  Needs to be updated (-q is set).
# automatic
# @ := userprogs1.h
# automatic
# * := 
# automatic
# < := user1.o
# automatic
# + := user1.o user2.o userentry.o riscv.h types.h
# automatic
# % := 
# automatic
# ^ := user1.o user2.o userentry.o riscv.h types.h
# automatic
# ? := user2.o userentry.o
# automatic
# | := 
 
# variable set hash-table stats:
# Load=8/32=25%, Rehash=0, Collisions=9/17=53%
#  recipe to execute (from 'Makefile', line 26):
	$(CC) $(CFLAGS) -c user1.c
	$(CC) $(CFLAGS) -c userentry.S
	$(CC) -g -ffreestanding -fno-common -nostdlib -mno-relax \
	      -mcmodel=medany   -Wl,-T user1.ld userentry.o user1.o -o user1
	$(OBJCOPY) -O binary user1 user1.bin
	xxd -i user1.bin > userprogs1.h

# Not a target:
user2.c:
#  Implicit rule search has been done.
#  Last modified 2022-07-25 12:26:20.571966054
#  File has been updated.
#  Successfully updated.

# Not a target:
user1.c:
#  Implicit rule search has been done.
#  Last modified 2022-07-25 18:35:37.099620746
#  File has been updated.
#  Successfully updated.

user1.o: user1.c hardware.h riscv.h types.h riscv.h types.h
#  Implicit rule search has been done.
#  Implicit/static pattern stem: 'user1'
#  Last modified 2022-07-27 17:08:10.635244289
#  File has been updated.
#  Successfully updated.
#  recipe to execute (from 'Makefile', line 13):
	$(CC) -c -o $@ $< $(CFLAGS)

# Not a target:
kernel.o:
#  Implicit rule search has not been done.
#  Modification time never checked.
#  File has not been updated.

# Not a target:
boot.o:
#  Implicit rule search has not been done.
#  Modification time never checked.
#  File has not been updated.

# Not a target:
setup.o:
#  Implicit rule search has not been done.
#  Modification time never checked.
#  File has not been updated.

# Not a target:
Makefile:
#  Implicit rule search has been done.
#  Last modified 2022-07-25 13:54:19.746350297
#  File has been updated.
#  Successfully updated.

userentry.o: userentry.S hardware.h riscv.h types.h riscv.h types.h
#  Implicit rule search has been done.
#  Implicit/static pattern stem: 'userentry'
#  Last modified 2022-07-27 17:10:44.187237534
#  File has been updated.
#  Successfully updated.
#  recipe to execute (from 'Makefile', line 16):
	$(CC) -c -o $@ $< $(CFLAGS)

userprogs2.h: user1.o user2.o userentry.o riscv.h types.h
#  Implicit rule search has not been done.
#  Modification time never checked.
#  File has not been updated.
#  recipe to execute (from 'Makefile', line 34):
	$(CC) $(CFLAGS) -c user2.c
	$(CC) $(CFLAGS) -c userentry.S
	$(CC) -g -ffreestanding -fno-common -nostdlib -mno-relax \
	      -mcmodel=medany   -Wl,-T user2.ld userentry.o user2.o -o user2
	$(OBJCOPY) -O binary user2 user2.bin
	xxd -i user2.bin > userprogs2.h

clean:
#  Implicit rule search has not been done.
#  Modification time never checked.
#  File has not been updated.
#  recipe to execute (from 'Makefile', line 45):
	-@rm -f *.o *.bin kernel user1 user2 userprogs1.h userprogs2.h

# Not a target:
uartlock.o:
#  Implicit rule search has not been done.
#  Modification time never checked.
#  File has not been updated.

# Not a target:
riscv.h:
#  Implicit rule search has been done.
#  Last modified 2022-07-18 10:59:14.889226
#  File has been updated.
#  Successfully updated.

# Not a target:
ex.o:
#  Implicit rule search has not been done.
#  Modification time never checked.
#  File has not been updated.

# Not a target:
uart.o:
#  Implicit rule search has not been done.
#  Modification time never checked.
#  File has not been updated.

# Not a target:
userentry.S:
#  Implicit rule search has been done.
#  Last modified 2022-06-20 16:07:28.387535
#  File has been updated.
#  Successfully updated.

# Not a target:
ringbuffer.o:
#  Implicit rule search has not been done.
#  Modification time never checked.
#  File has not been updated.

kernel: boot.o kernel.o ex.o setup.o ringbuffer.o uart.o uartlock.o hardware.h riscv.h types.h userprogs1.h userprogs2.h
#  Implicit rule search has not been done.
#  Modification time never checked.
#  File has not been updated.
#  recipe to execute (from 'Makefile', line 21):
	$(CC) -g -ffreestanding -fno-common -nostdlib -mno-relax \
	      -mcmodel=medany -Wl,-T kernel.ld $(KERNELOBJS) -o kernel
	$(OBJCOPY) -O binary kernel kernel.bin

# Not a target:
hardware.h:
#  Implicit rule search has been done.
#  Last modified 2022-07-27 16:34:01.395334449
#  File has been updated.
#  Successfully updated.

# Not a target:
.DEFAULT:
#  Implicit rule search has not been done.
#  Modification time never checked.
#  File has not been updated.

all: userprogs1.h userprogs2.h kernel
#  Command line target.
#  Implicit rule search has been done.
#  File does not exist.
#  File has been updated.
#  Needs to be updated (-q is set).
# variable set hash-table stats:
# Load=0/32=0%, Rehash=0, Collisions=0/9=0%

run: userprogs1.h userprogs2.h kernel user2 user1
#  Implicit rule search has not been done.
#  Modification time never checked.
#  File has not been updated.
#  recipe to execute (from 'Makefile', line 42):
	qemu-system-riscv64 -nographic -machine virt -smp 1 -bios none -kernel kernel
	

# Not a target:
user2:
#  Implicit rule search has not been done.
#  Modification time never checked.
#  File has not been updated.

user2.o: user2.c hardware.h riscv.h types.h riscv.h types.h
#  Implicit rule search has been done.
#  Implicit/static pattern stem: 'user2'
#  Last modified 2022-07-27 17:10:44.171237534
#  File has been updated.
#  Successfully updated.
#  recipe to execute (from 'Makefile', line 13):
	$(CC) -c -o $@ $< $(CFLAGS)

# Not a target:
types.h:
#  Implicit rule search has been done.
#  Last modified 2022-06-20 10:26:45.328177
#  File has been updated.
#  Successfully updated.

# Not a target:
.SUFFIXES:
#  Implicit rule search has not been done.
#  Modification time never checked.
#  File has not been updated.

# files hash-table stats:
# Load=27/1024=3%, Rehash=0, Collisions=1/112=1%
# VPATH Search Paths

# No 'vpath' search paths.

# No general ('VPATH' variable) search path.

# strcache buffers: 1 (0) / strings = 55 / storage = 477 B / avg = 8 B
# current buf: size = 8162 B / used = 477 B / count = 55 / avg = 8 B

# strcache performance: lookups = 149 / hit rate = 63%
# hash-table stats:
# Load=55/8192=1%, Rehash=0, Collisions=0/149=0%
# Finished Make data base on Wed Jul 27 17:11:21 2022

 
